<?xml version="1.0" encoding="UTF-8"?>
<testsuite xmlns:xsi="http://www.w3.org/2001/XMLSchema-instance" xsi:noNamespaceSchemaLocation="https://maven.apache.org/surefire/maven-surefire-plugin/xsd/surefire-test-report.xsd" name="com.pagerDuty.AddressBook.AppTest" time="1.391" tests="2" errors="0" skipped="0" failures="0">
  <properties>
[...]
</properties>
  <testcase name="testListAll" classname="com.pagerDuty.AddressBook.AppTest" time="1.122"/>
  <testcase name="testListOne" classname="com.pagerDuty.AddressBook.AppTest" time="0.244"/>
</testsuite>